Arguments: 
  C:\Program Files\nodejs\node.exe C:\Program Files (x86)\Yarn\bin\yarn.js init

PATH: 
  C:\Program Files (x86)\Common Files\Intel\Shared Libraries\redist\intel64\compiler;C:\WINDOWS\system32;C:\WINDOWS;C:\WINDOWS\System32\Wbem;C:\WINDOWS\System32\WindowsPowerShell\v1.0\;C:\WINDOWS\System32\OpenSSH\;C:\Program Files\Git\cmd;C:\Program Files (x86)\Yarn\bin\;C:\Users\liamk\AppData\Roaming\nvm;C:\Program Files\nodejs;C:\Program Files\Amazon\AWSCLIV2\;C:\Program Files\PuTTY\;C:\Program Files\dotnet\;C:\Program Files\Docker\Docker\resources\bin;C:\Program Files (x86)\NVIDIA Corporation\PhysX\Common;C:\Program Files\NVIDIA Corporation\NVIDIA NvDLISR;C:\Program Files\Common Files\Autodesk Shared\;C:\Users\liamk\AppData\Local\Microsoft\WindowsApps;C:\Users\liamk\AppData\Roaming\npm;C:\Users\liamk\AppData\Local\Yarn\bin;C:\Users\liamk\AppData\Roaming\nvm;C:\Program Files\nodejs;C:\_lab\mongosh\mongosh-1.5.4-win32-x64\mongosh-1.5.4-win32-x64\bin;C:\Windows\System32;;C:\Users\liamk\AppData\Local\Programs\Fiddler

Yarn version: 
  1.22.5

Node version: 
  18.12.0

Platform: 
  win32 x64

Trace: 
  SyntaxError: C:\_lab\mintalysis\mintalysis_db\package.json: Unexpected end of JSON input
      at JSON.parse (<anonymous>)
      at C:\Program Files (x86)\Yarn\lib\cli.js:1625:59
      at Generator.next (<anonymous>)
      at step (C:\Program Files (x86)\Yarn\lib\cli.js:310:30)
      at C:\Program Files (x86)\Yarn\lib\cli.js:321:13

npm manifest: 
  

yarn manifest: 
  No manifest

Lockfile: 
  No lockfile
